#
# A fatal error has been detected by the Java Runtime Environment:
#
#  EXCEPTION_ACCESS_VIOLATION (0xc0000005) at pc=0x00000008034e4c40, pid=1724, tid=13996
#
# JRE version: Java(TM) SE Runtime Environment (8.0_65-b17) (build 1.8.0_65-b17)
# Java VM: Java HotSpot(TM) 64-Bit Server VM (25.65-b01 mixed mode windows-amd64 compressed oops)
# Problematic frame:
# C  0x00000008034e4c40
#
# Failed to write core dump. Minidumps are not enabled by default on client versions of Windows
#
# If you would like to submit a bug report, please visit:
#   http://bugreport.java.com/bugreport/crash.jsp
#

---------------  T H R E A D  ---------------

Current thread (0x0000000056c68000):  JavaThread "Daemon worker" [_thread_in_Java, id=13996, stack(0x00000000582c0000,0x00000000583c0000)]

siginfo: ExceptionCode=0xc0000005, ExceptionInformation=0x0000000000000008 0x00000008034e4c40

Registers:
RAX=0x000000005de23730, RBX=0x000000005de23730, RCX=0x00000000f9f55b50, RDX=0x00000000f9f55b50
RSP=0x00000000583bbd58, RBP=0x00000000583bbdb8, RSI=0x000000005de360a0, RDI=0x000000005de360a0
R8 =0x00000000f9f55b50, R9 =0x00000000000000dd, R10=0x0000000060e62140, R11=0x00000008034e4c40
R12=0x0000000000000000, R13=0x00000000583bbd70, R14=0x00000000583bbde0, R15=0x0000000056c68000
RIP=0x00000008034e4c40, EFLAGS=0x0000000000010206

Top of Stack: (sp=0x00000000583bbd58)
0x00000000583bbd58:   00000000028b74a0 000000005de41190
0x00000000583bbd68:   00000000028b74a0 00000000f9f55b50
0x00000000583bbd78:   00000000583bbd78 000000005de248bc
0x00000000583bbd88:   00000000583bbde0 000000005de25948
0x00000000583bbd98:   0000000000000000 000000005de24a38
0x00000000583bbda8:   00000000583bbd70 00000000583bbdd8
0x00000000583bbdb8:   00000000583bbe28 00000000028b7710
0x00000000583bbdc8:   0000000000000004 0000000000000004
0x00000000583bbdd8:   00000000f9f55b50 00000000f9f55b50
0x00000000583bbde8:   00000000583bbde8 000000005de257a5
0x00000000583bbdf8:   00000000583bbe40 000000005de25948
0x00000000583bbe08:   0000000000000000 000000005de257c8
0x00000000583bbe18:   00000000583bbdd8 00000000583bbe50
0x00000000583bbe28:   00000000583bbf10 00000000034f5ed4
0x00000000583bbe38:   00000000f9f55b50 00000000f9f55b50
0x00000000583bbe48:   00000000034f5ed4 00000000583bbe50 

Instructions: (pc=0x00000008034e4c40)
0x00000008034e4c20:   
[error occurred during error reporting (printing registers, top of stack, instructions near pc), id 0xc0000005]

Register to memory mapping:

RAX={method} {0x000000005de23738} 'hasAndroidVersion' '()Z' in 'com/android/sdklib/repository/descriptors/PkgDesc'
RBX={method} {0x000000005de23738} 'hasAndroidVersion' '()Z' in 'com/android/sdklib/repository/descriptors/PkgDesc'
RCX=0x00000000f9f55b50 is an oop
com.android.sdklib.repository.descriptors.PkgDesc 
 - klass: 'com/android/sdklib/repository/descriptors/PkgDesc'
RDX=0x00000000f9f55b50 is an oop
com.android.sdklib.repository.descriptors.PkgDesc 
 - klass: 'com/android/sdklib/repository/descriptors/PkgDesc'
RSP=0x00000000583bbd58 is pointing into the stack for thread: 0x0000000056c68000
RBP=0x00000000583bbdb8 is pointing into the stack for thread: 0x0000000056c68000
RSI=0x000000005de360a0 is pointing into metadata
RDI=0x000000005de360a0 is pointing into metadata
R8 =0x00000000f9f55b50 is an oop
com.android.sdklib.repository.descriptors.PkgDesc 
 - klass: 'com/android/sdklib/repository/descriptors/PkgDesc'
R9 =0x00000000000000dd is an unknown value
R10=0x0000000060e62140 is an unknown value
R11=0x00000008034e4c40 is an unknown value
R12=0x0000000000000000 is an unknown value
R13=0x00000000583bbd70 is pointing into the stack for thread: 0x0000000056c68000
R14=0x00000000583bbde0 is pointing into the stack for thread: 0x0000000056c68000
R15=0x0000000056c68000 is a thread


Stack: [0x00000000582c0000,0x00000000583c0000],  sp=0x00000000583bbd58,  free space=1007k
Native frames: (J=compiled Java code, j=interpreted, Vv=VM code, C=native code)
C  0x00000008034e4c40


---------------  P R O C E S S  ---------------

Java Threads: ( => current thread )
  0x0000000057061000 JavaThread "File lock request listener" [_thread_in_native, id=14972, stack(0x000000005da20000,0x000000005db20000)]
  0x0000000056c93000 JavaThread "Stdin handler" [_thread_blocked, id=2888, stack(0x0000000058440000,0x0000000058540000)]
=>0x0000000056c68000 JavaThread "Daemon worker" [_thread_in_Java, id=13996, stack(0x00000000582c0000,0x00000000583c0000)]
  0x0000000056c5f800 JavaThread "Cancel handler" [_thread_blocked, id=11244, stack(0x0000000058110000,0x0000000058210000)]
  0x0000000056b67800 JavaThread "Handler for socket connection from /127.0.0.1:64940 to /127.0.0.1:64941" [_thread_in_native, id=15208, stack(0x0000000057f10000,0x0000000058010000)]
  0x0000000056b83800 JavaThread "Daemon" [_thread_blocked, id=13012, stack(0x0000000057a50000,0x0000000057b50000)]
  0x0000000056ba4800 JavaThread "Incoming local TCP Connector on port 64940" [_thread_in_native, id=12952, stack(0x0000000057c10000,0x0000000057d10000)]
  0x000000005538a000 JavaThread "Service Thread" daemon [_thread_blocked, id=13080, stack(0x0000000055d30000,0x0000000055e30000)]
  0x000000005537d000 JavaThread "C1 CompilerThread2" daemon [_thread_blocked, id=13852, stack(0x0000000055920000,0x0000000055a20000)]
  0x0000000053cfd000 JavaThread "C2 CompilerThread1" daemon [_thread_blocked, id=10380, stack(0x0000000055ba0000,0x0000000055ca0000)]
  0x0000000053cf9000 JavaThread "C2 CompilerThread0" daemon [_thread_blocked, id=14864, stack(0x0000000055a40000,0x0000000055b40000)]
  0x0000000055370800 JavaThread "Attach Listener" daemon [_thread_blocked, id=2464, stack(0x0000000054d20000,0x0000000054e20000)]
  0x0000000053cf3800 JavaThread "Signal Dispatcher" daemon [_thread_blocked, id=7152, stack(0x00000000557d0000,0x00000000558d0000)]
  0x0000000053c9c000 JavaThread "Finalizer" daemon [_thread_blocked, id=14188, stack(0x0000000055260000,0x0000000055360000)]
  0x0000000053c95000 JavaThread "Reference Handler" daemon [_thread_blocked, id=12744, stack(0x0000000054ff0000,0x00000000550f0000)]
  0x000000000247f000 JavaThread "main" [_thread_blocked, id=14436, stack(0x00000000027b0000,0x00000000028b0000)]

Other Threads:
  0x0000000053c8f800 VMThread [stack: 0x0000000054e20000,0x0000000054f20000] [id=14016]
  0x000000005540e800 WatcherThread [stack: 0x0000000055e40000,0x0000000055f40000] [id=15004]

VM state:not at safepoint (normal execution)

VM Mutex/Monitor currently owned by a thread: None

Heap:
 PSYoungGen      total 98816K, used 86496K [0x00000000f5580000, 0x00000000fc880000, 0x0000000100000000)
  eden space 89088K, 86% used [0x00000000f5580000,0x00000000fa07d750,0x00000000fac80000)
  from space 9728K, 99% used [0x00000000fb780000,0x00000000fc0fa918,0x00000000fc100000)
  to   space 11264K, 0% used [0x00000000fac80000,0x00000000fac80000,0x00000000fb780000)
 ParOldGen       total 68096K, used 11201K [0x00000000e0000000, 0x00000000e4280000, 0x00000000f5580000)
  object space 68096K, 16% used [0x00000000e0000000,0x00000000e0af04b0,0x00000000e4280000)
 Metaspace       used 33922K, capacity 34904K, committed 35072K, reserved 1079296K
  class space    used 4647K, capacity 5016K, committed 5120K, reserved 1048576K

Card table byte_map: [0x0000000002580000,0x0000000002690000] byte_map_base: 0x0000000001e80000

Marking Bits: (ParMarkBitMap*) 0x0000000060e7a5b0
 Begin Bits: [0x0000000012300000, 0x0000000012b00000)
 End Bits:   [0x0000000012b00000, 0x0000000013300000)

Polling page: 0x0000000000150000

CodeCache: size=245760Kb used=12676Kb max_used=12684Kb free=233083Kb
 bounds [0x00000000028b0000, 0x0000000003530000, 0x00000000118b0000]
 total_blobs=3878 nmethods=3223 adapters=567
 compilation: enabled

Compilation events (10 events):
Event: 4.732 Thread 0x000000005537d000 nmethod 3234 0x00000000034b1090 code [0x00000000034b11e0, 0x00000000034b12f0]
Event: 4.732 Thread 0x000000005537d000 3235  s!   3       java.io.FileDescriptor::closeAll (215 bytes)
Event: 4.733 Thread 0x0000000053cfd000 nmethod 2986 0x000000000351a110 code [0x000000000351a480, 0x000000000351c9d0]
Event: 4.733 Thread 0x000000005537d000 nmethod 3235 0x00000000034f61d0 code [0x00000000034f6440, 0x00000000034f76b8]
Event: 4.733 Thread 0x000000005537d000 3236       3       java.util.Properties::getProperty (16 bytes)
Event: 4.733 Thread 0x000000005537d000 nmethod 3236 0x00000000034b0c10 code [0x00000000034b0d80, 0x00000000034b0fe8]
Event: 4.735 Thread 0x000000005537d000 3237       3       com.android.sdklib.repository.local.LocalPkgInfo::compareTo (9 bytes)
Event: 4.735 Thread 0x000000005537d000 nmethod 3237 0x00000000034f5950 code [0x00000000034f5ae0, 0x00000000034f6028]
Event: 4.735 Thread 0x000000005537d000 3238       3       com.android.sdklib.repository.local.LocalPkgInfo::compareTo (14 bytes)
Event: 4.735 Thread 0x000000005537d000 nmethod 3238 0x00000000034b05d0 code [0x00000000034b0760, 0x00000000034b0ae8]

GC Heap History (10 events):
Event: 2.139 GC heap before
{Heap before GC invocations=3 (full 0):
 PSYoungGen      total 38400K, used 38381K [0x00000000f5580000, 0x00000000f8000000, 0x0000000100000000)
  eden space 33280K, 100% used [0x00000000f5580000,0x00000000f7600000,0x00000000f7600000)
  from space 5120K, 99% used [0x00000000f7b00000,0x00000000f7ffb688,0x00000000f8000000)
  to   space 5120K, 0% used [0x00000000f7600000,0x00000000f7600000,0x00000000f7b00000)
 ParOldGen       total 87552K, used 2595K [0x00000000e0000000, 0x00000000e5580000, 0x00000000f5580000)
  object space 87552K, 2% used [0x00000000e0000000,0x00000000e0288f80,0x00000000e5580000)
 Metaspace       used 18588K, capacity 18934K, committed 19072K, reserved 1064960K
  class space    used 2543K, capacity 2647K, committed 2688K, reserved 1048576K
Event: 2.147 GC heap after
Heap after GC invocations=3 (full 0):
 PSYoungGen      total 38400K, used 5112K [0x00000000f5580000, 0x00000000fa080000, 0x0000000100000000)
  eden space 33280K, 0% used [0x00000000f5580000,0x00000000f5580000,0x00000000f7600000)
  from space 5120K, 99% used [0x00000000f7600000,0x00000000f7afe010,0x00000000f7b00000)
  to   space 5120K, 0% used [0x00000000f9b80000,0x00000000f9b80000,0x00000000fa080000)
 ParOldGen       total 87552K, used 6271K [0x00000000e0000000, 0x00000000e5580000, 0x00000000f5580000)
  object space 87552K, 7% used [0x00000000e0000000,0x00000000e061fcb0,0x00000000e5580000)
 Metaspace       used 18588K, capacity 18934K, committed 19072K, reserved 1064960K
  class space    used 2543K, capacity 2647K, committed 2688K, reserved 1048576K
}
Event: 2.527 GC heap before
{Heap before GC invocations=4 (full 0):
 PSYoungGen      total 38400K, used 27525K [0x00000000f5580000, 0x00000000fa080000, 0x0000000100000000)
  eden space 33280K, 67% used [0x00000000f5580000,0x00000000f6b63640,0x00000000f7600000)
  from space 5120K, 99% used [0x00000000f7600000,0x00000000f7afe010,0x00000000f7b00000)
  to   space 5120K, 0% used [0x00000000f9b80000,0x00000000f9b80000,0x00000000fa080000)
 ParOldGen       total 87552K, used 6271K [0x00000000e0000000, 0x00000000e5580000, 0x00000000f5580000)
  object space 87552K, 7% used [0x00000000e0000000,0x00000000e061fcb0,0x00000000e5580000)
 Metaspace       used 20727K, capacity 21190K, committed 21296K, reserved 1067008K
  class space    used 2761K, capacity 2941K, committed 2944K, reserved 1048576K
Event: 2.536 GC heap after
Heap after GC invocations=4 (full 0):
 PSYoungGen      total 71680K, used 5096K [0x00000000f5580000, 0x00000000fa080000, 0x0000000100000000)
  eden space 66560K, 0% used [0x00000000f5580000,0x00000000f5580000,0x00000000f9680000)
  from space 5120K, 99% used [0x00000000f9b80000,0x00000000fa07a020,0x00000000fa080000)
  to   space 5120K, 0% used [0x00000000f9680000,0x00000000f9680000,0x00000000f9b80000)
 ParOldGen       total 87552K, used 9265K [0x00000000e0000000, 0x00000000e5580000, 0x00000000f5580000)
  object space 87552K, 10% used [0x00000000e0000000,0x00000000e090c460,0x00000000e5580000)
 Metaspace       used 20727K, capacity 21190K, committed 21296K, reserved 1067008K
  class space    used 2761K, capacity 2941K, committed 2944K, reserved 1048576K
}
Event: 2.536 GC heap before
{Heap before GC invocations=5 (full 1):
 PSYoungGen      total 71680K, used 5096K [0x00000000f5580000, 0x00000000fa080000, 0x0000000100000000)
  eden space 66560K, 0% used [0x00000000f5580000,0x00000000f5580000,0x00000000f9680000)
  from space 5120K, 99% used [0x00000000f9b80000,0x00000000fa07a020,0x00000000fa080000)
  to   space 5120K, 0% used [0x00000000f9680000,0x00000000f9680000,0x00000000f9b80000)
 ParOldGen       total 87552K, used 9265K [0x00000000e0000000, 0x00000000e5580000, 0x00000000f5580000)
  object space 87552K, 10% used [0x00000000e0000000,0x00000000e090c460,0x00000000e5580000)
 Metaspace       used 20727K, capacity 21190K, committed 21296K, reserved 1067008K
  class space    used 2761K, capacity 2941K, committed 2944K, reserved 1048576K
Event: 2.591 GC heap after
Heap after GC invocations=5 (full 1):
 PSYoungGen      total 71680K, used 0K [0x00000000f5580000, 0x00000000fa080000, 0x0000000100000000)
  eden space 66560K, 0% used [0x00000000f5580000,0x00000000f5580000,0x00000000f9680000)
  from space 5120K, 0% used [0x00000000f9b80000,0x00000000f9b80000,0x00000000fa080000)
  to   space 5120K, 0% used [0x00000000f9680000,0x00000000f9680000,0x00000000f9b80000)
 ParOldGen       total 68096K, used 8779K [0x00000000e0000000, 0x00000000e4280000, 0x00000000f5580000)
  object space 68096K, 12% used [0x00000000e0000000,0x00000000e0892fa8,0x00000000e4280000)
 Metaspace       used 20727K, capacity 21190K, committed 21296K, reserved 1067008K
  class space    used 2761K, capacity 2941K, committed 2944K, reserved 1048576K
}
Event: 3.277 GC heap before
{Heap before GC invocations=6 (full 1):
 PSYoungGen      total 71680K, used 66560K [0x00000000f5580000, 0x00000000fa080000, 0x0000000100000000)
  eden space 66560K, 100% used [0x00000000f5580000,0x00000000f9680000,0x00000000f9680000)
  from space 5120K, 0% used [0x00000000f9b80000,0x00000000f9b80000,0x00000000fa080000)
  to   space 5120K, 0% used [0x00000000f9680000,0x00000000f9680000,0x00000000f9b80000)
 ParOldGen       total 68096K, used 8779K [0x00000000e0000000, 0x00000000e4280000, 0x00000000f5580000)
  object space 68096K, 12% used [0x00000000e0000000,0x00000000e0892fa8,0x00000000e4280000)
 Metaspace       used 25516K, capacity 26078K, committed 26240K, reserved 1071104K
  class space    used 3427K, capacity 3642K, committed 3712K, reserved 1048576K
Event: 3.283 GC heap after
Heap after GC invocations=6 (full 1):
 PSYoungGen      total 71680K, used 5109K [0x00000000f5580000, 0x00000000fc100000, 0x0000000100000000)
  eden space 66560K, 0% used [0x00000000f5580000,0x00000000f5580000,0x00000000f9680000)
  from space 5120K, 99% used [0x00000000f9680000,0x00000000f9b7d528,0x00000000f9b80000)
  to   space 9728K, 0% used [0x00000000fb780000,0x00000000fb780000,0x00000000fc100000)
 ParOldGen       total 68096K, used 10751K [0x00000000e0000000, 0x00000000e4280000, 0x00000000f5580000)
  object space 68096K, 15% used [0x00000000e0000000,0x00000000e0a7fe28,0x00000000e4280000)
 Metaspace       used 25516K, capacity 26078K, committed 26240K, reserved 1071104K
  class space    used 3427K, capacity 3642K, committed 3712K, reserved 1048576K
}
Event: 4.022 GC heap before
{Heap before GC invocations=7 (full 1):
 PSYoungGen      total 71680K, used 71669K [0x00000000f5580000, 0x00000000fc100000, 0x0000000100000000)
  eden space 66560K, 100% used [0x00000000f5580000,0x00000000f9680000,0x00000000f9680000)
  from space 5120K, 99% used [0x00000000f9680000,0x00000000f9b7d528,0x00000000f9b80000)
  to   space 9728K, 0% used [0x00000000fb780000,0x00000000fb780000,0x00000000fc100000)
 ParOldGen       total 68096K, used 10751K [0x00000000e0000000, 0x00000000e4280000, 0x00000000f5580000)
  object space 68096K, 15% used [0x00000000e0000000,0x00000000e0a7fe28,0x00000000e4280000)
 Metaspace       used 29720K, capacity 30522K, committed 30720K, reserved 1075200K
  class space    used 3993K, capacity 4308K, committed 4352K, reserved 1048576K
Event: 4.043 GC heap after
Heap after GC invocations=7 (full 1):
 PSYoungGen      total 98816K, used 9706K [0x00000000f5580000, 0x00000000fc880000, 0x0000000100000000)
  eden space 89088K, 0% used [0x00000000f5580000,0x00000000f5580000,0x00000000fac80000)
  from space 9728K, 99% used [0x00000000fb780000,0x00000000fc0fa918,0x00000000fc100000)
  to   space 11264K, 0% used [0x00000000fac80000,0x00000000fac80000,0x00000000fb780000)
 ParOldGen       total 68096K, used 11201K [0x00000000e0000000, 0x00000000e4280000, 0x00000000f5580000)
  object space 68096K, 16% used [0x00000000e0000000,0x00000000e0af04b0,0x00000000e4280000)
 Metaspace       used 29720K, capacity 30522K, committed 30720K, reserved 1075200K
  class space    used 3993K, capacity 4308K, committed 4352K, reserved 1048576K
}

Deoptimization events (10 events):
Event: 3.478 Thread 0x0000000056c68000 Uncommon trap: reason=unstable_if action=reinterpret pc=0x00000000032cc8a4 method=com.sun.org.apache.xerces.internal.impl.XMLEntityScanner.scanData(Ljava/lang/String;Lcom/sun/org/apache/xerces/internal/util/XMLStringBuffer;)Z @ 326
Event: 3.478 Thread 0x0000000056c68000 Uncommon trap: reason=unstable_if action=reinterpret pc=0x000000000329cea0 method=com.sun.org.apache.xerces.internal.impl.XMLEntityScanner.scanData(Ljava/lang/String;Lcom/sun/org/apache/xerces/internal/util/XMLStringBuffer;)Z @ 888
Event: 3.661 Thread 0x0000000056c68000 Uncommon trap: reason=unstable_if action=reinterpret pc=0x00000000030c3bc0 method=groovy.lang.MetaClassImpl$1MOPIter.methodNameAction(Ljava/lang/Class;Lorg/codehaus/groovy/runtime/metaclass/MetaMethodIndex$Entry;)V @ 95
Event: 3.770 Thread 0x0000000056c68000 Uncommon trap: reason=class_check action=maybe_recompile pc=0x00000000031e466c method=java.util.Hashtable.get(Ljava/lang/Object;)Ljava/lang/Object; @ 6
Event: 3.770 Thread 0x0000000056c68000 Uncommon trap: reason=class_check action=maybe_recompile pc=0x00000000031e466c method=java.util.Hashtable.get(Ljava/lang/Object;)Ljava/lang/Object; @ 6
Event: 3.770 Thread 0x0000000056c68000 Uncommon trap: reason=class_check action=maybe_recompile pc=0x00000000031e466c method=java.util.Hashtable.get(Ljava/lang/Object;)Ljava/lang/Object; @ 6
Event: 3.770 Thread 0x0000000056c68000 Uncommon trap: reason=class_check action=maybe_recompile pc=0x00000000031e466c method=java.util.Hashtable.get(Ljava/lang/Object;)Ljava/lang/Object; @ 6
Event: 3.783 Thread 0x0000000056c68000 Uncommon trap: reason=unstable_if action=reinterpret pc=0x0000000002a59094 method=java.lang.String.replace(CC)Ljava/lang/String; @ 2
Event: 3.912 Thread 0x0000000056c68000 Uncommon trap: reason=unstable_if action=reinterpret pc=0x0000000002d4fc04 method=java.util.HashMap.hash(Ljava/lang/Object;)I @ 1
Event: 3.971 Thread 0x0000000056c68000 Uncommon trap: reason=unstable_if action=reinterpret pc=0x0000000002b28ee0 method=java.util.LinkedHashMap.afterNodeInsertion(Z)V @ 1

Internal exceptions (10 events):
Event: 4.569 Thread 0x0000000056c68000 Exception <a 'java/lang/ClassNotFoundException': org/gradle/api/file/FileTreeBeanInfo> (0x00000000f91c4860) thrown at [C:\workspace\8-2-build-windows-amd64-cygwin\jdk8u65\4987\hotspot\src\share\vm\classfile\systemDictionary.cpp, line 210]
Event: 4.569 Thread 0x0000000056c68000 Exception <a 'java/lang/ClassNotFoundException': org/gradle/api/file/FileTreeCustomizer> (0x00000000f91e0b30) thrown at [C:\workspace\8-2-build-windows-amd64-cygwin\jdk8u65\4987\hotspot\src\share\vm\classfile\systemDictionary.cpp, line 210]
Event: 4.570 Thread 0x0000000056c68000 Exception <a 'java/lang/ClassNotFoundException': org/gradle/api/file/ConfigurableFileTreeBeanInfo> (0x00000000f9213ec0) thrown at [C:\workspace\8-2-build-windows-amd64-cygwin\jdk8u65\4987\hotspot\src\share\vm\classfile\systemDictionary.cpp, line 210]
Event: 4.571 Thread 0x0000000056c68000 Exception <a 'java/lang/ClassNotFoundException': org/gradle/api/file/ConfigurableFileTreeCustomizer> (0x00000000f9234318) thrown at [C:\workspace\8-2-build-windows-amd64-cygwin\jdk8u65\4987\hotspot\src\share\vm\classfile\systemDictionary.cpp, line 210]
Event: 4.572 Thread 0x0000000056c68000 Exception <a 'java/lang/ClassNotFoundException': org/gradle/api/file/DirectoryTreeBeanInfo> (0x00000000f9264c68) thrown at [C:\workspace\8-2-build-windows-amd64-cygwin\jdk8u65\4987\hotspot\src\share\vm\classfile\systemDictionary.cpp, line 210]
Event: 4.572 Thread 0x0000000056c68000 Exception <a 'java/lang/ClassNotFoundException': org/gradle/api/file/DirectoryTreeCustomizer> (0x00000000f9283740) thrown at [C:\workspace\8-2-build-windows-amd64-cygwin\jdk8u65\4987\hotspot\src\share\vm\classfile\systemDictionary.cpp, line 210]
Event: 4.573 Thread 0x0000000056c68000 Exception <a 'java/lang/ClassNotFoundException': org/gradle/api/tasks/util/PatternFilterableBeanInfo> (0x00000000f92b4130) thrown at [C:\workspace\8-2-build-windows-amd64-cygwin\jdk8u65\4987\hotspot\src\share\vm\classfile\systemDictionary.cpp, line 210]
Event: 4.576 Thread 0x0000000056c68000 Exception <a 'java/lang/ClassNotFoundException': org/gradle/api/tasks/util/PatternFilterableCustomizer> (0x00000000f92d6610) thrown at [C:\workspace\8-2-build-windows-amd64-cygwin\jdk8u65\4987\hotspot\src\share\vm\classfile\systemDictionary.cpp, line 210]
Event: 4.581 Thread 0x0000000056c68000 Exception <a 'java/lang/reflect/InvocationTargetException'> (0x00000000f932d3e8) thrown at [C:\workspace\8-2-build-windows-amd64-cygwin\jdk8u65\4987\hotspot\src\share\vm\runtime\reflection.cpp, line 1092]
Event: 4.581 Thread 0x0000000056c68000 Exception <a 'java/lang/reflect/InvocationTargetException'> (0x00000000f93304a8) thrown at [C:\workspace\8-2-build-windows-amd64-cygwin\jdk8u65\4987\hotspot\src\share\vm\runtime\reflection.cpp, line 1092]

Events (10 events):
Event: 4.739 loading class com/android/sdklib/BuildToolInfo
Event: 4.739 loading class com/android/sdklib/BuildToolInfo done
Event: 4.740 loading class com/android/sdklib/BuildToolInfo$PathId
Event: 4.740 loading class com/android/sdklib/BuildToolInfo$PathId done
Event: 4.740 loading class java/util/EnumMap$1
Event: 4.740 loading class java/util/EnumMap$1 done
Event: 4.741 loading class com/android/sdklib/repository/local/LocalBuildToolPkgInfo
Event: 4.741 loading class com/android/sdklib/repository/local/LocalBuildToolPkgInfo done
Event: 4.741 loading class com/android/sdklib/repository/descriptors/PkgDesc$Builder$1
Event: 4.741 loading class com/android/sdklib/repository/descriptors/PkgDesc$Builder$1 done


Dynamic libraries:
0x000000013f960000 - 0x000000013f997000 	D:\Program Files\Java\jdk1.8.0_65\bin\java.exe
0x0000000077930000 - 0x0000000077ad9000 	C:\Windows\SYSTEM32\ntdll.dll
0x0000000077810000 - 0x0000000077930000 	C:\Windows\system32\kernel32.dll
0x000007fefd9b0000 - 0x000007fefda1c000 	C:\Windows\system32\KERNELBASE.dll
0x000007feff830000 - 0x000007feff90b000 	C:\Windows\system32\ADVAPI32.dll
0x000007feff920000 - 0x000007feff9bf000 	C:\Windows\system32\msvcrt.dll
0x000007feff810000 - 0x000007feff82f000 	C:\Windows\SYSTEM32\sechost.dll
0x000007fefeda0000 - 0x000007fefeecd000 	C:\Windows\system32\RPCRT4.dll
0x0000000077710000 - 0x000000007780a000 	C:\Windows\system32\USER32.dll
0x000007fefeee0000 - 0x000007fefef47000 	C:\Windows\system32\GDI32.dll
0x000007feff910000 - 0x000007feff91e000 	C:\Windows\system32\LPK.dll
0x000007fefdcb0000 - 0x000007fefdd79000 	C:\Windows\system32\USP10.dll
0x000007fefc100000 - 0x000007fefc2f4000 	C:\Windows\WinSxS\amd64_microsoft.windows.common-controls_6595b64144ccf1df_6.0.7601.18837_none_fa3b1e3d17594757\COMCTL32.dll
0x000007fefdd80000 - 0x000007fefddf1000 	C:\Windows\system32\SHLWAPI.dll
0x000007feff9c0000 - 0x000007feff9ee000 	C:\Windows\system32\IMM32.DLL
0x000007fefde00000 - 0x000007fefdf09000 	C:\Windows\system32\MSCTF.dll
0x0000000062d50000 - 0x0000000062e22000 	D:\Program Files\Java\jdk1.8.0_65\jre\bin\msvcr100.dll
0x0000000060670000 - 0x0000000060ef9000 	D:\Program Files\Java\jdk1.8.0_65\jre\bin\server\jvm.dll
0x000007fef19e0000 - 0x000007fef19e9000 	C:\Windows\system32\WSOCK32.dll
0x000007feff1c0000 - 0x000007feff20d000 	C:\Windows\system32\WS2_32.dll
0x000007fefeed0000 - 0x000007fefeed8000 	C:\Windows\system32\NSI.dll
0x000007fefb5c0000 - 0x000007fefb5fb000 	C:\Windows\system32\WINMM.dll
0x000007fefc790000 - 0x000007fefc79c000 	C:\Windows\system32\VERSION.dll
0x0000000077af0000 - 0x0000000077af7000 	C:\Windows\system32\PSAPI.DLL
0x0000000069180000 - 0x000000006918f000 	D:\Program Files\Java\jdk1.8.0_65\jre\bin\verify.dll
0x0000000067370000 - 0x0000000067399000 	D:\Program Files\Java\jdk1.8.0_65\jre\bin\java.dll
0x00000000679b0000 - 0x00000000679c6000 	D:\Program Files\Java\jdk1.8.0_65\jre\bin\zip.dll
0x000007fefdf10000 - 0x000007fefec99000 	C:\Windows\system32\SHELL32.dll
0x000007feff2b0000 - 0x000007feff4b3000 	C:\Windows\system32\ole32.dll
0x000007fefd700000 - 0x000007fefd70f000 	C:\Windows\system32\profapi.dll
0x000007fefcef0000 - 0x000007fefcf08000 	C:\Windows\system32\CRYPTSP.dll
0x000007fefcbf0000 - 0x000007fefcc37000 	C:\Windows\system32\rsaenh.dll
0x000007fefd940000 - 0x000007fefd95e000 	C:\Windows\system32\USERENV.dll
0x000007fefd550000 - 0x000007fefd55f000 	C:\Windows\system32\CRYPTBASE.dll
0x00000000625d0000 - 0x00000000625ea000 	D:\Program Files\Java\jdk1.8.0_65\jre\bin\net.dll
0x000007fefce90000 - 0x000007fefcee5000 	C:\Windows\system32\mswsock.dll
0x000007fefce80000 - 0x000007fefce87000 	C:\Windows\System32\wship6.dll
0x000007fefb630000 - 0x000007fefb657000 	C:\Windows\system32\IPHLPAPI.DLL
0x000007fefb620000 - 0x000007fefb62b000 	C:\Windows\system32\WINNSI.DLL
0x000007fefac80000 - 0x000007fefac91000 	C:\Windows\system32\dhcpcsvc6.DLL
0x000007fefac60000 - 0x000007fefac78000 	C:\Windows\system32\dhcpcsvc.DLL
0x0000000062520000 - 0x0000000062531000 	D:\Program Files\Java\jdk1.8.0_65\jre\bin\nio.dll
0x000007fefbe70000 - 0x000007fefbe82000 	C:\Users\123\AppData\Local\Temp\native-platform6197392646134674090dir\native-platform.dll
0x000007fefd4f0000 - 0x000007fefd547000 	C:\Windows\system32\apphelp.dll
0x000007fef1a20000 - 0x000007fef1b45000 	C:\Windows\system32\dbghelp.dll

VM Arguments:
jvm_args: -XX:MaxPermSize=256m -XX:+HeapDumpOnOutOfMemoryError -Xmx512m -Dfile.encoding=GBK -Duser.country=CN -Duser.language=zh -Duser.variant 
java_command: org.gradle.launcher.daemon.bootstrap.GradleDaemon 2.2.1 C:\Users\123\.gradle\daemon 10800000 f37fe5b0-f802-4332-81a4-e02ced2a940a -XX:MaxPermSize=256m -XX:+HeapDumpOnOutOfMemoryError -Xmx512m -Dfile.encoding=GBK -Duser.country=CN -Duser.language=zh -Duser.variant
java_class_path (initial): C:\Users\123\.gradle\wrapper\dists\gradle-2.2.1-all\c64ydeuardnfqctvr1gm30w53\gradle-2.2.1\lib\gradle-launcher-2.2.1.jar
Launcher Type: SUN_STANDARD

Environment Variables:
JAVA_HOME=C:\Program Files (x86)\Java\jdk1.7.0_51
CLASSPATH=.;C:\Program Files (x86)\Java\jdk1.7.0_51\lib;C:\Program Files (x86)\Java\jdk1.7.0_51\lib\tools.jar
PATH=C:\ProgramData\Oracle\Java\javapath;C:\Program Files (x86)\Java\jdk1.7.0_51\bin;C:\Program Files (x86)\Java\jdk1.7.0_51\bin;C:\Program Files (x86)\Java\jdk1.7.0_51\jre\bin;D:\android-sdk-windows\platform-tools
USERNAME=Colin
OS=Windows_NT
PROCESSOR_IDENTIFIER=Intel64 Family 6 Model 42 Stepping 7, GenuineIntel



---------------  S Y S T E M  ---------------

OS: Windows 7 , 64 bit Build 7601 (6.1.7601.19018)

CPU:total 4 (4 cores per cpu, 1 threads per core) family 6 model 42 stepping 7, cmov, cx8, fxsr, mmx, sse, sse2, sse3, ssse3, sse4.1, sse4.2, popcnt, avx, aes, clmul, tsc, tscinvbit

Memory: 4k page, physical 8266804k(2102716k free), swap 16531772k(8932160k free)

vm_info: Java HotSpot(TM) 64-Bit Server VM (25.65-b01) for windows-amd64 JRE (1.8.0_65-b17), built on Oct  6 2015 16:39:20 by "java_re" with MS VC++ 10.0 (VS2010)

time: Wed Jan 06 18:37:37 2016
elapsed time: 4 seconds (0d 0h 0m 4s)

